<?xml version="1.0" encoding="UTF-8"?>
<!-- Generated by org.testng.reporters.JUnitReportReporter -->
<testsuite hostname="DESKTOP-F84T4QD" failures="0" tests="1" name="demo.PS1" time="0.014" errors="0" timestamp="2023-12-07T03:33:19 IST" skipped="0">
  <testcase classname="demo.PS1" name="testRun" time="0.014"/>
</testsuite> <!-- demo.PS1 -->
